x26 = Identificador
= = Asignacion
1.5e-8 = Numero
; = Caracter
== = OpRelacional
= = Asignacion
& = Caracter
& = Caracter
&| = OpLogico
|| = OpLogico
! = OpLogico
! = OpLogico
= = Asignacion
< = OpRelacional
< = OpRelacional
> = OpRelacional
> = OpRelacional
> = OpRelacional
= = Asignacion
< = OpRelacional
= = Asignacion
++ = InTermino
+- = InTermino
-- = InTermino
+- = InTermino
-+ = InTermino
* = OpFactor
/ = OpFactor
*= = InFactor
/= = InFactor
% = OpFactor
%= = InFactor
"" = Cadena
"HelloWorld" = Cadena
" = Caracter
{ = Caracter
} = Caracter
? = OpTerneario
